# JRE version: OpenJDK Runtime Environment (8.0_202-b03) (build 1.8.0_202-release-1483-b03)
# Java VM: OpenJDK 64-Bit Server VM (25.202-b03 mixed mode windows-amd64 compressed oops)
Heap:
 PSYoungGen      total 231424K, used 132265K [0x00000000e0000000, 0x00000000efc80000, 0x0000000100000000)
  eden space 213504K, 61% used [0x00000000e0000000,0x00000000e812a4f0,0x00000000ed080000)
  from space 17920K, 0% used [0x00000000ee500000,0x00000000ee500000,0x00000000ef680000)
  to   space 20992K, 0% used [0x00000000ed080000,0x00000000ed080000,0x00000000ee500000)
 ParOldGen       total 261632K, used 34993K [0x00000000a0000000, 0x00000000aff80000, 0x00000000e0000000)
  object space 261632K, 13% used [0x00000000a0000000,0x00000000a222c768,0x00000000aff80000)
 Metaspace       used 61137K, capacity 63718K, committed 64024K, reserved 1103872K
  class space    used 8362K, capacity 8882K, committed 9000K, reserved 1048576K
GC Heap History (10 events):
Event: 4.544 GC heap before
{Heap before GC invocations=7 (full 1):
 PSYoungGen      total 138240K, used 38251K [0x00000000e0000000, 0x00000000eb480000, 0x0000000100000000)
  eden space 127488K, 21% used [0x00000000e0000000,0x00000000e1adbb08,0x00000000e7c80000)
  from space 10752K, 99% used [0x00000000e7c80000,0x00000000e86ff2e0,0x00000000e8700000)
  to   space 13824K, 0% used [0x00000000ea700000,0x00000000ea700000,0x00000000eb480000)
 ParOldGen       total 108032K, used 11617K [0x00000000a0000000, 0x00000000a6980000, 0x00000000e0000000)
  object space 108032K, 10% used [0x00000000a0000000,0x00000000a0b584e0,0x00000000a6980000)
 Metaspace       used 34648K, capacity 35430K, committed 35496K, reserved 1079296K
  class space    used 4794K, capacity 5016K, committed 5032K, reserved 1048576K
Event: 4.551 GC heap after
Heap after GC invocations=7 (full 1):
 PSYoungGen      total 172032K, used 9478K [0x00000000e0000000, 0x00000000ee100000, 0x0000000100000000)
  eden space 158208K, 0% used [0x00000000e0000000,0x00000000e0000000,0x00000000e9a80000)
  from space 13824K, 68% used [0x00000000ea700000,0x00000000eb041870,0x00000000eb480000)
  to   space 12800K, 0% used [0x00000000e9a80000,0x00000000e9a80000,0x00000000ea700000)
 ParOldGen       total 108032K, used 11625K [0x00000000a0000000, 0x00000000a6980000, 0x00000000e0000000)
  object space 108032K, 10% used [0x00000000a0000000,0x00000000a0b5a4e0,0x00000000a6980000)
 Metaspace       used 34648K, capacity 35430K, committed 35496K, reserved 1079296K
  class space    used 4794K, capacity 5016K, committed 5032K, reserved 1048576K
}
Event: 4.551 GC heap before
{Heap before GC invocations=8 (full 2):
 PSYoungGen      total 172032K, used 9478K [0x00000000e0000000, 0x00000000ee100000, 0x0000000100000000)
  eden space 158208K, 0% used [0x00000000e0000000,0x00000000e0000000,0x00000000e9a80000)
  from space 13824K, 68% used [0x00000000ea700000,0x00000000eb041870,0x00000000eb480000)
  to   space 12800K, 0% used [0x00000000e9a80000,0x00000000e9a80000,0x00000000ea700000)
 ParOldGen       total 108032K, used 11625K [0x00000000a0000000, 0x00000000a6980000, 0x00000000e0000000)
  object space 108032K, 10% used [0x00000000a0000000,0x00000000a0b5a4e0,0x00000000a6980000)
 Metaspace       used 34648K, capacity 35430K, committed 35496K, reserved 1079296K
  class space    used 4794K, capacity 5016K, committed 5032K, reserved 1048576K
Event: 4.619 GC heap after
Heap after GC invocations=8 (full 2):
 PSYoungGen      total 172032K, used 0K [0x00000000e0000000, 0x00000000ee100000, 0x0000000100000000)
  eden space 158208K, 0% used [0x00000000e0000000,0x00000000e0000000,0x00000000e9a80000)
  from space 13824K, 0% used [0x00000000ea700000,0x00000000ea700000,0x00000000eb480000)
  to   space 12800K, 0% used [0x00000000e9a80000,0x00000000e9a80000,0x00000000ea700000)
 ParOldGen       total 171008K, used 16388K [0x00000000a0000000, 0x00000000aa700000, 0x00000000e0000000)
  object space 171008K, 9% used [0x00000000a0000000,0x00000000a1001210,0x00000000aa700000)
 Metaspace       used 34601K, capacity 35274K, committed 35496K, reserved 1079296K
  class space    used 4779K, capacity 4990K, committed 5032K, reserved 1048576K
}
Event: 6.276 GC heap before
{Heap before GC invocations=9 (full 2):
 PSYoungGen      total 172032K, used 158208K [0x00000000e0000000, 0x00000000ee100000, 0x0000000100000000)
  eden space 158208K, 100% used [0x00000000e0000000,0x00000000e9a80000,0x00000000e9a80000)
  from space 13824K, 0% used [0x00000000ea700000,0x00000000ea700000,0x00000000eb480000)
  to   space 12800K, 0% used [0x00000000e9a80000,0x00000000e9a80000,0x00000000ea700000)
 ParOldGen       total 171008K, used 16388K [0x00000000a0000000, 0x00000000aa700000, 0x00000000e0000000)
  object space 171008K, 9% used [0x00000000a0000000,0x00000000a1001210,0x00000000aa700000)
 Metaspace       used 49439K, capacity 50630K, committed 50856K, reserved 1093632K
  class space    used 6666K, capacity 7004K, committed 7080K, reserved 1048576K
Event: 6.293 GC heap after
Heap after GC invocations=9 (full 2):
 PSYoungGen      total 171008K, used 12774K [0x00000000e0000000, 0x00000000ef680000, 0x0000000100000000)
  eden space 158208K, 0% used [0x00000000e0000000,0x00000000e0000000,0x00000000e9a80000)
  from space 12800K, 99% used [0x00000000e9a80000,0x00000000ea6f98d8,0x00000000ea700000)
  to   space 17920K, 0% used [0x00000000ee500000,0x00000000ee500000,0x00000000ef680000)
 ParOldGen       total 171008K, used 23565K [0x00000000a0000000, 0x00000000aa700000, 0x00000000e0000000)
  object space 171008K, 13% used [0x00000000a0000000,0x00000000a17036d0,0x00000000aa700000)
 Metaspace       used 49439K, capacity 50630K, committed 50856K, reserved 1093632K
  class space    used 6666K, capacity 7004K, committed 7080K, reserved 1048576K
}
Event: 7.470 GC heap before
{Heap before GC invocations=10 (full 2):
 PSYoungGen      total 171008K, used 114784K [0x00000000e0000000, 0x00000000ef680000, 0x0000000100000000)
  eden space 158208K, 64% used [0x00000000e0000000,0x00000000e639e7d8,0x00000000e9a80000)
  from space 12800K, 99% used [0x00000000e9a80000,0x00000000ea6f98d8,0x00000000ea700000)
  to   space 17920K, 0% used [0x00000000ee500000,0x00000000ee500000,0x00000000ef680000)
 ParOldGen       total 171008K, used 23565K [0x00000000a0000000, 0x00000000aa700000, 0x00000000e0000000)
  object space 171008K, 13% used [0x00000000a0000000,0x00000000a17036d0,0x00000000aa700000)
 Metaspace       used 57521K, capacity 59150K, committed 59160K, reserved 1099776K
  class space    used 7817K, capacity 8224K, committed 8232K, reserved 1048576K
Event: 7.487 GC heap after
Heap after GC invocations=10 (full 2):
 PSYoungGen      total 231424K, used 17891K [0x00000000e0000000, 0x00000000efc80000, 0x0000000100000000)
  eden space 213504K, 0% used [0x00000000e0000000,0x00000000e0000000,0x00000000ed080000)
  from space 17920K, 99% used [0x00000000ee500000,0x00000000ef678e90,0x00000000ef680000)
  to   space 20992K, 0% used [0x00000000ed080000,0x00000000ed080000,0x00000000ee500000)
 ParOldGen       total 171008K, used 26005K [0x00000000a0000000, 0x00000000aa700000, 0x00000000e0000000)
  object space 171008K, 15% used [0x00000000a0000000,0x00000000a19654c8,0x00000000aa700000)
 Metaspace       used 57521K, capacity 59150K, committed 59160K, reserved 1099776K
  class space    used 7817K, capacity 8224K, committed 8232K, reserved 1048576K
}
Event: 7.487 GC heap before
{Heap before GC invocations=11 (full 3):
 PSYoungGen      total 231424K, used 17891K [0x00000000e0000000, 0x00000000efc80000, 0x0000000100000000)
  eden space 213504K, 0% used [0x00000000e0000000,0x00000000e0000000,0x00000000ed080000)
  from space 17920K, 99% used [0x00000000ee500000,0x00000000ef678e90,0x00000000ef680000)
  to   space 20992K, 0% used [0x00000000ed080000,0x00000000ed080000,0x00000000ee500000)
 ParOldGen       total 171008K, used 26005K [0x00000000a0000000, 0x00000000aa700000, 0x00000000e0000000)
  object space 171008K, 15% used [0x00000000a0000000,0x00000000a19654c8,0x00000000aa700000)
 Metaspace       used 57521K, capacity 59150K, committed 59160K, reserved 1099776K
  class space    used 7817K, capacity 8224K, committed 8232K, reserved 1048576K
Event: 7.708 GC heap after
Heap after GC invocations=11 (full 3):
 PSYoungGen      total 231424K, used 0K [0x00000000e0000000, 0x00000000efc80000, 0x0000000100000000)
  eden space 213504K, 0% used [0x00000000e0000000,0x00000000e0000000,0x00000000ed080000)
  from space 17920K, 0% used [0x00000000ee500000,0x00000000ee500000,0x00000000ef680000)
  to   space 20992K, 0% used [0x00000000ed080000,0x00000000ed080000,0x00000000ee500000)
 ParOldGen       total 261632K, used 34993K [0x00000000a0000000, 0x00000000aff80000, 0x00000000e0000000)
  object space 261632K, 13% used [0x00000000a0000000,0x00000000a222c768,0x00000000aff80000)
 Metaspace       used 57521K, capacity 59150K, committed 59160K, reserved 1099776K
  class space    used 7817K, capacity 8224K, committed 8232K, reserved 1048576K
}

