# JRE version: OpenJDK Runtime Environment (8.0_202-b03) (build 1.8.0_202-release-1483-b03)
# Java VM: OpenJDK 64-Bit Server VM (25.202-b03 mixed mode windows-amd64 compressed oops)
Heap:
 PSYoungGen      total 238592K, used 139533K [0x00000000e0000000, 0x00000000f3400000, 0x0000000100000000)
  eden space 199680K, 60% used [0x00000000e0000000,0x00000000e76020f0,0x00000000ec300000)
  from space 38912K, 48% used [0x00000000ec300000,0x00000000ed541618,0x00000000ee900000)
  to   space 37376K, 0% used [0x00000000f0f80000,0x00000000f0f80000,0x00000000f3400000)
 ParOldGen       total 412160K, used 50396K [0x00000000a0000000, 0x00000000b9280000, 0x00000000e0000000)
  object space 412160K, 12% used [0x00000000a0000000,0x00000000a31373c8,0x00000000b9280000)
 Metaspace       used 103594K, capacity 107722K, committed 108364K, reserved 1142784K
  class space    used 13246K, capacity 14013K, committed 14208K, reserved 1048576K
GC Heap History (10 events):
Event: 3322.303 GC heap before
{Heap before GC invocations=21 (full 4):
 PSYoungGen      total 192000K, used 153354K [0x00000000e0000000, 0x00000000f0580000, 0x0000000100000000)
  eden space 153600K, 99% used [0x00000000e0000000,0x00000000e95c2bc0,0x00000000e9600000)
  from space 38400K, 0% used [0x00000000ec000000,0x00000000ec000000,0x00000000ee580000)
  to   space 43008K, 0% used [0x00000000e9600000,0x00000000e9600000,0x00000000ec000000)
 ParOldGen       total 412160K, used 50356K [0x00000000a0000000, 0x00000000b9280000, 0x00000000e0000000)
  object space 412160K, 12% used [0x00000000a0000000,0x00000000a312d3c8,0x00000000b9280000)
 Metaspace       used 101695K, capacity 105578K, committed 106444K, reserved 1142784K
  class space    used 13139K, capacity 13873K, committed 14080K, reserved 1048576K
Event: 3322.319 GC heap after
Heap after GC invocations=21 (full 4):
 PSYoungGen      total 196608K, used 16349K [0x00000000e0000000, 0x00000000ef600000, 0x0000000100000000)
  eden space 153600K, 0% used [0x00000000e0000000,0x00000000e0000000,0x00000000e9600000)
  from space 43008K, 38% used [0x00000000e9600000,0x00000000ea5f74c0,0x00000000ec000000)
  to   space 40960K, 0% used [0x00000000ece00000,0x00000000ece00000,0x00000000ef600000)
 ParOldGen       total 412160K, used 50364K [0x00000000a0000000, 0x00000000b9280000, 0x00000000e0000000)
  object space 412160K, 12% used [0x00000000a0000000,0x00000000a312f3c8,0x00000000b9280000)
 Metaspace       used 101695K, capacity 105578K, committed 106444K, reserved 1142784K
  class space    used 13139K, capacity 13873K, committed 14080K, reserved 1048576K
}
Event: 3323.170 GC heap before
{Heap before GC invocations=22 (full 4):
 PSYoungGen      total 196608K, used 169949K [0x00000000e0000000, 0x00000000ef600000, 0x0000000100000000)
  eden space 153600K, 100% used [0x00000000e0000000,0x00000000e9600000,0x00000000e9600000)
  from space 43008K, 38% used [0x00000000e9600000,0x00000000ea5f74c0,0x00000000ec000000)
  to   space 40960K, 0% used [0x00000000ece00000,0x00000000ece00000,0x00000000ef600000)
 ParOldGen       total 412160K, used 50364K [0x00000000a0000000, 0x00000000b9280000, 0x00000000e0000000)
  object space 412160K, 12% used [0x00000000a0000000,0x00000000a312f3c8,0x00000000b9280000)
 Metaspace       used 102593K, capacity 106548K, committed 107468K, reserved 1142784K
  class space    used 13186K, capacity 13948K, committed 14080K, reserved 1048576K
Event: 3323.184 GC heap after
Heap after GC invocations=22 (full 4):
 PSYoungGen      total 210944K, used 13305K [0x00000000e0000000, 0x00000000ef500000, 0x0000000100000000)
  eden space 171008K, 0% used [0x00000000e0000000,0x00000000e0000000,0x00000000ea700000)
  from space 39936K, 33% used [0x00000000ece00000,0x00000000edafe4b0,0x00000000ef500000)
  to   space 39936K, 0% used [0x00000000ea700000,0x00000000ea700000,0x00000000ece00000)
 ParOldGen       total 412160K, used 50372K [0x00000000a0000000, 0x00000000b9280000, 0x00000000e0000000)
  object space 412160K, 12% used [0x00000000a0000000,0x00000000a31313c8,0x00000000b9280000)
 Metaspace       used 102593K, capacity 106548K, committed 107468K, reserved 1142784K
  class space    used 13186K, capacity 13948K, committed 14080K, reserved 1048576K
}
Event: 3323.524 GC heap before
{Heap before GC invocations=23 (full 4):
 PSYoungGen      total 210944K, used 184313K [0x00000000e0000000, 0x00000000ef500000, 0x0000000100000000)
  eden space 171008K, 100% used [0x00000000e0000000,0x00000000ea700000,0x00000000ea700000)
  from space 39936K, 33% used [0x00000000ece00000,0x00000000edafe4b0,0x00000000ef500000)
  to   space 39936K, 0% used [0x00000000ea700000,0x00000000ea700000,0x00000000ece00000)
 ParOldGen       total 412160K, used 50372K [0x00000000a0000000, 0x00000000b9280000, 0x00000000e0000000)
  object space 412160K, 12% used [0x00000000a0000000,0x00000000a31313c8,0x00000000b9280000)
 Metaspace       used 102647K, capacity 106632K, committed 107468K, reserved 1142784K
  class space    used 13201K, capacity 13954K, committed 14080K, reserved 1048576K
Event: 3323.542 GC heap after
Heap after GC invocations=23 (full 4):
 PSYoungGen      total 210944K, used 23039K [0x00000000e0000000, 0x00000000f0f80000, 0x0000000100000000)
  eden space 171008K, 0% used [0x00000000e0000000,0x00000000e0000000,0x00000000ea700000)
  from space 39936K, 57% used [0x00000000ea700000,0x00000000ebd7ff38,0x00000000ece00000)
  to   space 39424K, 0% used [0x00000000ee900000,0x00000000ee900000,0x00000000f0f80000)
 ParOldGen       total 412160K, used 50380K [0x00000000a0000000, 0x00000000b9280000, 0x00000000e0000000)
  object space 412160K, 12% used [0x00000000a0000000,0x00000000a31333c8,0x00000000b9280000)
 Metaspace       used 102647K, capacity 106632K, committed 107468K, reserved 1142784K
  class space    used 13201K, capacity 13954K, committed 14080K, reserved 1048576K
}
Event: 3323.864 GC heap before
{Heap before GC invocations=24 (full 4):
 PSYoungGen      total 210944K, used 194047K [0x00000000e0000000, 0x00000000f0f80000, 0x0000000100000000)
  eden space 171008K, 100% used [0x00000000e0000000,0x00000000ea700000,0x00000000ea700000)
  from space 39936K, 57% used [0x00000000ea700000,0x00000000ebd7ff38,0x00000000ece00000)
  to   space 39424K, 0% used [0x00000000ee900000,0x00000000ee900000,0x00000000f0f80000)
 ParOldGen       total 412160K, used 50380K [0x00000000a0000000, 0x00000000b9280000, 0x00000000e0000000)
  object space 412160K, 12% used [0x00000000a0000000,0x00000000a31333c8,0x00000000b9280000)
 Metaspace       used 102731K, capacity 106704K, committed 107468K, reserved 1142784K
  class space    used 13209K, capacity 13956K, committed 14080K, reserved 1048576K
Event: 3323.891 GC heap after
Heap after GC invocations=24 (full 4):
 PSYoungGen      total 239104K, used 23544K [0x00000000e0000000, 0x00000000f1700000, 0x0000000100000000)
  eden space 199680K, 0% used [0x00000000e0000000,0x00000000e0000000,0x00000000ec300000)
  from space 39424K, 59% used [0x00000000ee900000,0x00000000efffe238,0x00000000f0f80000)
  to   space 38912K, 0% used [0x00000000ec300000,0x00000000ec300000,0x00000000ee900000)
 ParOldGen       total 412160K, used 50388K [0x00000000a0000000, 0x00000000b9280000, 0x00000000e0000000)
  object space 412160K, 12% used [0x00000000a0000000,0x00000000a31353c8,0x00000000b9280000)
 Metaspace       used 102731K, capacity 106704K, committed 107468K, reserved 1142784K
  class space    used 13209K, capacity 13956K, committed 14080K, reserved 1048576K
}
Event: 3324.528 GC heap before
{Heap before GC invocations=25 (full 4):
 PSYoungGen      total 239104K, used 223224K [0x00000000e0000000, 0x00000000f1700000, 0x0000000100000000)
  eden space 199680K, 100% used [0x00000000e0000000,0x00000000ec300000,0x00000000ec300000)
  from space 39424K, 59% used [0x00000000ee900000,0x00000000efffe238,0x00000000f0f80000)
  to   space 38912K, 0% used [0x00000000ec300000,0x00000000ec300000,0x00000000ee900000)
 ParOldGen       total 412160K, used 50388K [0x00000000a0000000, 0x00000000b9280000, 0x00000000e0000000)
  object space 412160K, 12% used [0x00000000a0000000,0x00000000a31353c8,0x00000000b9280000)
 Metaspace       used 103219K, capacity 107288K, committed 108108K, reserved 1142784K
  class space    used 13236K, capacity 14008K, committed 14208K, reserved 1048576K
Event: 3324.545 GC heap after
Heap after GC invocations=25 (full 4):
 PSYoungGen      total 238592K, used 18693K [0x00000000e0000000, 0x00000000f3400000, 0x0000000100000000)
  eden space 199680K, 0% used [0x00000000e0000000,0x00000000e0000000,0x00000000ec300000)
  from space 38912K, 48% used [0x00000000ec300000,0x00000000ed541618,0x00000000ee900000)
  to   space 37376K, 0% used [0x00000000f0f80000,0x00000000f0f80000,0x00000000f3400000)
 ParOldGen       total 412160K, used 50396K [0x00000000a0000000, 0x00000000b9280000, 0x00000000e0000000)
  object space 412160K, 12% used [0x00000000a0000000,0x00000000a31373c8,0x00000000b9280000)
 Metaspace       used 103219K, capacity 107288K, committed 108108K, reserved 1142784K
  class space    used 13236K, capacity 14008K, committed 14208K, reserved 1048576K
}

